[debug] [2025-04-26T05:35:38.082Z] ----------------------------------------------------------------------
[debug] [2025-04-26T05:35:38.085Z] Command:       C:\Program Files\nodejs\node.exe C:\Users\jacko\AppData\Roaming\npm\node_modules\firebase-tools\lib\bin\firebase.js hosting:sites:create lachlanmortgage
[debug] [2025-04-26T05:35:38.085Z] CLI Version:   14.2.1
[debug] [2025-04-26T05:35:38.085Z] Platform:      win32
[debug] [2025-04-26T05:35:38.085Z] Node Version:  v22.14.0
[debug] [2025-04-26T05:35:38.086Z] Time:          Sat Apr 26 2025 15:35:38 GMT+1000 (Australian Eastern Standard Time)
[debug] [2025-04-26T05:35:38.086Z] ----------------------------------------------------------------------
[debug] 
[debug] [2025-04-26T05:35:38.308Z] > command requires scopes: ["email","openid","https://www.googleapis.com/auth/cloudplatformprojects.readonly","https://www.googleapis.com/auth/firebase","https://www.googleapis.com/auth/cloud-platform"]
[debug] [2025-04-26T05:35:38.308Z] > authorizing via signed-in user (jack@onyxds.com.au)
[debug] [2025-04-26T05:35:38.308Z] [iam] checking project lachlanmortgageaus for permissions ["firebase.projects.get","firebasehosting.sites.update"]
[debug] [2025-04-26T05:35:38.309Z] Checked if tokens are valid: true, expires at: 1745649302533
[debug] [2025-04-26T05:35:38.309Z] Checked if tokens are valid: true, expires at: 1745649302533
[debug] [2025-04-26T05:35:38.310Z] >>> [apiv2][query] POST https://cloudresourcemanager.googleapis.com/v1/projects/lachlanmortgageaus:testIamPermissions [none]
[debug] [2025-04-26T05:35:38.310Z] >>> [apiv2][(partial)header] POST https://cloudresourcemanager.googleapis.com/v1/projects/lachlanmortgageaus:testIamPermissions x-goog-quota-user=projects/lachlanmortgageaus
[debug] [2025-04-26T05:35:38.310Z] >>> [apiv2][body] POST https://cloudresourcemanager.googleapis.com/v1/projects/lachlanmortgageaus:testIamPermissions {"permissions":["firebase.projects.get","firebasehosting.sites.update"]}
[debug] [2025-04-26T05:35:38.690Z] <<< [apiv2][status] POST https://cloudresourcemanager.googleapis.com/v1/projects/lachlanmortgageaus:testIamPermissions 200
[debug] [2025-04-26T05:35:38.690Z] <<< [apiv2][body] POST https://cloudresourcemanager.googleapis.com/v1/projects/lachlanmortgageaus:testIamPermissions {"permissions":["firebase.projects.get","firebasehosting.sites.update"]}
[debug] [2025-04-26T05:35:38.691Z] Checked if tokens are valid: true, expires at: 1745649302533
[debug] [2025-04-26T05:35:38.691Z] Checked if tokens are valid: true, expires at: 1745649302533
[debug] [2025-04-26T05:35:38.691Z] >>> [apiv2][query] GET https://cloudresourcemanager.googleapis.com/v1/projects/lachlanmortgageaus [none]
[debug] [2025-04-26T05:35:39.559Z] <<< [apiv2][status] GET https://cloudresourcemanager.googleapis.com/v1/projects/lachlanmortgageaus 200
[debug] [2025-04-26T05:35:39.559Z] <<< [apiv2][body] GET https://cloudresourcemanager.googleapis.com/v1/projects/lachlanmortgageaus {"projectNumber":"340049492445","projectId":"lachlanmortgageaus","lifecycleState":"ACTIVE","name":"Lachlan Mortgage","labels":{"firebase":"enabled","firebase-core":"disabled"},"createTime":"2025-04-24T04:08:26.449624Z"}
[debug] [2025-04-26T05:35:39.559Z] Checked if tokens are valid: true, expires at: 1745649302533
[debug] [2025-04-26T05:35:39.559Z] Checked if tokens are valid: true, expires at: 1745649302533
[debug] [2025-04-26T05:35:39.559Z] >>> [apiv2][query] POST https://firebasehosting.googleapis.com/v1beta1/projects/340049492445/sites siteId=lachlanmortgage
[debug] [2025-04-26T05:35:39.559Z] >>> [apiv2][body] POST https://firebasehosting.googleapis.com/v1beta1/projects/340049492445/sites {"appId":""}
[debug] [2025-04-26T05:35:40.800Z] <<< [apiv2][status] POST https://firebasehosting.googleapis.com/v1beta1/projects/340049492445/sites 400
[debug] [2025-04-26T05:35:40.800Z] <<< [apiv2][body] POST https://firebasehosting.googleapis.com/v1beta1/projects/340049492445/sites {"error":{"code":400,"message":"Invalid name: `lachlanmortgage` is reserved by another project; try something like `lachlanmortgage-d7514` instead","status":"FAILED_PRECONDITION"}}
[warn] !  Invalid name: `lachlanmortgage` is reserved by another project; try something like `lachlanmortgage-d7514` instead 
